[0mGET /api/rentals [33m404[0m 2.179 ms - 150[0m
[0mGET /api/rentals [32m200[0m 4.512 ms - 26[0m
[0mGET /api/rentalitems [32m200[0m 1.080 ms - 26[0m
[0mPOST /api/rentalitems [31m500[0m 6.240 ms - 57[0m
[0mPOST /api/rentalitems [31m500[0m 8.112 ms - 57[0m
[0mPOST /api/rentalitems [31m500[0m 1.117 ms - 57[0m
[0mGET /api/rentalitems [32m200[0m 2.592 ms - 26[0m
[0mPOST /api/rentalitems [31m500[0m 0.817 ms - 57[0m
[0mPOST /api/rentalitems [31m500[0m 0.695 ms - 57[0m
[0mPOST /api/rentalitems [31m500[0m 0.638 ms - 57[0m
[0mPOST /api/rentalitems [31m500[0m 0.630 ms - 57[0m
[0mGET /api/rentalitems [32m200[0m 0.760 ms - 26[0m
[0mPOST /api/rentalitems [31m500[0m 0.655 ms - 57[0m
[0mPOST /api/rentalitems [31m500[0m 7.803 ms - 57[0m
[0mGET /api/rental [33m404[0m 1.275 ms - 149[0m
[0mGET /api/rentals [32m200[0m 2.699 ms - 26[0m
[0mPOST /api/rentals [32m201[0m 3.904 ms - 123[0m
[0mGET /api/rentals [32m200[0m 1.438 ms - 210[0m
[0mPOST /api/rentals [32m201[0m 11.043 ms - 123[0m
[0mGET /api/rentals [32m200[0m 2.715 ms - 210[0m
[0mPOST /api/rentals [31m500[0m 1.320 ms - 57[0m
[0mPOST /api/rentals [32m201[0m 1.610 ms - 124[0m
[0mGET /api/rentals [32m200[0m 1.361 ms - 396[0m
[0mGET /api/rentalitems [32m200[0m 4.517 ms - 26[0m
[0mPOST /api/rentalitems [31m500[0m 6.404 ms - 57[0m
[0mPOST /api/rentalitems [31m500[0m 0.752 ms - 57[0m
[0mPOST /api/rentalitems [31m500[0m 0.904 ms - 57[0m
[0mPOST /api/rentalitems [32m201[0m 3.899 ms - 160[0m
[0mPOST /api/rentalitems [32m201[0m 1.337 ms - 160[0m
[0mGET /api/rentalitems [32m200[0m 1.326 ms - 287[0m
[0mPOST /api/rentalitems [32m201[0m 1.483 ms - 160[0m
[0mGET /api/rentalitems [32m200[0m 1.285 ms - 418[0m
[0mGET /api/rentals [32m200[0m 4.415 ms - 26[0m
[0mPOST /api/rentals [31m500[0m 9.635 ms - 57[0m
[0mGET /api/rentals [31m500[0m 1.391 ms - 57[0m
[0mGET /api/rentals [31m500[0m 1.276 ms - 57[0m
[0mPOST /api/rentals [31m500[0m 10.887 ms - 57[0m
[0mGET /api/rentals [31m500[0m 2.819 ms - 57[0m
[0mGET /api/rentals [31m500[0m 1.475 ms - 57[0m
[0mPOST /api/rentals [31m500[0m 2.225 ms - 57[0m
[0mPOST /api/rentals [31m500[0m 11.237 ms - 57[0m
[0mPOST /api/rentals [31m500[0m 11.601 ms - 57[0m
[0mPOST /api/rentals [31m500[0m 12.202 ms - 57[0m
[0mGET /api/rentals [31m500[0m 0.630 ms - 57[0m
[0mPOST /api/rentals [31m500[0m 2.616 ms - 57[0m
[0mGET /api/rental [33m404[0m 6.691 ms - 149[0m
[0mGET /api/rentalitems [32m200[0m 2.350 ms - 26[0m
[0mPOST /api/rentalitems [32m201[0m 11.517 ms - 141[0m
[0mPOST /api/rentalitems [32m201[0m 2.570 ms - 141[0m
[0mGET /api/rental [33m404[0m 1.474 ms - 149[0m
[0mPOST /api/rentals [31m500[0m 12.624 ms - 57[0m
[0mGET /api/rentals [31m500[0m 0.596 ms - 57[0m
[0mGET /api/rental [33m404[0m 1.359 ms - 149[0m
[0mGET /api/rentals [31m500[0m 0.347 ms - 57[0m
[0mGET /api/rentals [31m500[0m 2.360 ms - 57[0m
[0mGET /api/rentals [31m500[0m 2.426 ms - 57[0m
[0mGET /api/rentals [31m500[0m 3.728 ms - 57[0m
[0mGET /api/rentals [31m500[0m 0.589 ms - 57[0m
[0mGET /api/rentals [31m500[0m 0.345 ms - 57[0m
[0mGET /api/rentals [31m500[0m 0.489 ms - 57[0m
[0mGET /api/rentals [31m500[0m 0.385 ms - 57[0m
[0mGET /api/rentals [31m500[0m 0.393 ms - 57[0m
[0mGET /api/rentals [31m500[0m 0.358 ms - 57[0m
[0mGET /api/rentals [31m500[0m 0.340 ms - 57[0m
[0mGET /api/rentals [31m500[0m 2.446 ms - 58[0m
[0mGET /api/rentals [32m200[0m 5.697 ms - 26[0m
[0mGET /api/rentals [31m500[0m 2.479 ms - 58[0m
[0mGET /api/rentals [31m500[0m 2.730 ms - 58[0m
[0mGET /api/rentals [31m500[0m 0.654 ms - 58[0m
[0mGET /api/rentals [31m500[0m 0.373 ms - 58[0m
[0mGET /api/rentalitems [32m200[0m 3.924 ms - 26[0m
[0mPOST /api/rentalitems [31m500[0m 6.516 ms - 57[0m
[0mPOST /api/rentalitems [31m500[0m 0.885 ms - 57[0m
[0mGET /api/rentals [31m500[0m 0.384 ms - 58[0m
[0mGET /api/rentals [31m500[0m 0.358 ms - 58[0m
[0mGET /api/rentals [31m500[0m 0.363 ms - 58[0m
[0mGET /api/rentals [31m500[0m 0.400 ms - 58[0m
[0mGET /api/rentals [32m200[0m 4.239 ms - 26[0m
[0mPOST /api/rentals [32m201[0m 11.681 ms - 153[0m
[0mPOST /api/rentals [32m201[0m 2.195 ms - 201[0m
[0mGET /api/rentals [32m200[0m 1.714 ms - 337[0m
[0mGET /api/rentals [32m200[0m 4.669 ms - 26[0m
[0mGET /api/rentals [32m200[0m 1.340 ms - 26[0m
[0mPOST /api/rentalitems [31m500[0m 7.575 ms - 57[0m
[0mPOST /api/rentalitems [31m500[0m 0.922 ms - 57[0m
[0mPOST /api/rentalitems [31m500[0m 0.763 ms - 57[0m
[0mPOST /api/rentalitems [31m500[0m 0.735 ms - 57[0m
[0mPOST /api/rentalitems [31m500[0m 0.704 ms - 57[0m
[0mPOST /api/rentals [32m201[0m 4.469 ms - 218[0m
[0mPOST /api/rentals [32m201[0m 1.722 ms - 218[0m
[0mGET /api/rentals [32m200[0m 2.532 ms - 415[0m
[0mPOST /api/rentalitems [31m500[0m 0.717 ms - 57[0m
[0mGET /api/rentalitems [32m200[0m 0.954 ms - 26[0m
[0mPOST /api/rentalitems [31m500[0m 0.848 ms - 57[0m
[0mPOST /api/rentalitems [31m500[0m 8.635 ms - 121[0m
[0mPOST /api/rentalitems [32m201[0m 5.098 ms - 154[0m
[0mPOST /api/rentalitems [32m201[0m 1.932 ms - 154[0m
[0mGET /api/rentals [32m200[0m 3.536 ms - 26[0m
[0mGET /api/rentals [32m200[0m 0.884 ms - 26[0m
[0mPOST /api/rentals [32m201[0m 2.267 ms - 218[0m
[0mPOST /api/rentals [32m201[0m 2.091 ms - 218[0m
[0mGET /api/rentals [32m200[0m 1.212 ms - 415[0m
[0mGET /api/rentalitems [32m200[0m 1.008 ms - 287[0m
[0mGET /api/rentals [32m200[0m 2.477 ms - 415[0m
[0mGET /api/rentals [32m200[0m 1.941 ms - 415[0m
[0mGET /api/rentalitems [32m200[0m 1.351 ms - 287[0m
[0mGET /api/rentals [32m200[0m 1.010 ms - 415[0m
[0mGET /api/rentals [32m200[0m 1.026 ms - 415[0m
[0mGET /api/rentalitems [32m200[0m 1.335 ms - 287[0m
[0mGET /api/rentals [32m200[0m 1.273 ms - 415[0m
[0mGET /api/rentals [32m200[0m 4.515 ms - 26[0m
[0mPOST /api/rentalitems [32m201[0m 9.555 ms - 154[0m
[0mPOST /api/rentalitems [32m201[0m 1.899 ms - 154[0m
[0mPOST /api/rentals [32m201[0m 2.550 ms - 218[0m
[0mPOST /api/rentals [32m201[0m 1.742 ms - 218[0m
[0mGET /api/rentals [32m200[0m 1.293 ms - 415[0m
[0mGET /api/rentalitems [32m200[0m 1.031 ms - 287[0m
[0mGET /api/rentals [32m200[0m 1.318 ms - 415[0m
[0mPOST /api/rentalitems [32m201[0m 12.280 ms - 154[0m
[0mPOST /api/rentalitems [32m201[0m 1.705 ms - 154[0m
[0mPOST /api/rentalitems [32m201[0m 1.839 ms - 154[0m
[0mPOST /api/rentals [32m201[0m 3.115 ms - 238[0m
[0mPOST /api/rentals [32m201[0m 4.429 ms - 238[0m
[0mGET /api/rentals [32m200[0m 3.135 ms - 455[0m
[0mGET /api/rentals [32m200[0m 4.520 ms - 26[0m
[0mGET /api/rentalitems [32m200[0m 1.203 ms - 26[0m
[0mGET /api/rentalitems [32m200[0m 0.982 ms - 26[0m
[0mGET /api/rentalitems [32m200[0m 1.293 ms - 26[0m
[0mGET /api/rentalitems [32m200[0m 0.993 ms - 26[0m
[0mPOST /api/rentalitems [32m201[0m 9.686 ms - 154[0m
[0mPOST /api/rentalitems [32m201[0m 1.884 ms - 154[0m
[0mGET /api/rentalitems [32m200[0m 1.586 ms - 287[0m
[0mGET /api/rentalitems [32m200[0m 1.135 ms - 287[0m
[0mGET /api/rentals [32m200[0m 1.168 ms - 26[0m
[0mPOST /api/rentals [32m201[0m 2.777 ms - 218[0m
[0mPOST /api/rentals [32m201[0m 1.657 ms - 218[0m
[0mGET /api/rentals [32m200[0m 1.813 ms - 415[0m
[0mPOST /api/rentalitems [32m201[0m 13.401 ms - 154[0m
[0mPOST /api/rentalitems [32m201[0m 1.720 ms - 154[0m
[0mGET /api/rentalitems [32m200[0m 2.929 ms - 287[0m
[0mPOST /api/rentals [32m201[0m 2.429 ms - 218[0m
[0mPOST /api/rentals [32m201[0m 1.591 ms - 218[0m
[0mGET /api/rentals [32m200[0m 1.376 ms - 415[0m
[0mGET /api/rentals [32m200[0m 4.407 ms - 26[0m
[0mGET /api/rentalitems [32m200[0m 1.534 ms - 26[0m
[0mPOST /api/rentals [32m201[0m 10.499 ms - 201[0m
[0mPOST /api/rentals [32m201[0m 1.706 ms - 201[0m
[0mPOST /api/rentalitems [32m201[0m 1.941 ms - 154[0m
[0mPOST /api/rentalitems [32m201[0m 1.517 ms - 154[0m
[0mGET /api/rentalitems [32m200[0m 2.052 ms - 287[0m
[0mGET /api/rentals [32m200[0m 1.953 ms - 381[0m
[0mPOST /api/rentalitems [31m500[0m 11.560 ms - 116[0m
[0mPOST /api/rentalitems [31m500[0m 1.650 ms - 116[0m
[0mPOST /api/rentals [32m201[0m 2.616 ms - 201[0m
[0mPOST /api/rentals [32m201[0m 1.609 ms - 201[0m
[0mGET /api/rentalitems [32m200[0m 2.623 ms - 26[0m
[0mPOST /api/rentalitems [32m201[0m 2.530 ms - 154[0m
[0mPOST /api/rentalitems [32m201[0m 1.508 ms - 154[0m
[0mGET /api/rentalitems [32m200[0m 1.583 ms - 287[0m
[0mGET /api/rentals [32m200[0m 1.209 ms - 381[0m
[0mGET /api/rentalitems [32m200[0m 1.098 ms - 287[0m
[0mGET /api/rentalitems [32m200[0m 4.502 ms - 26[0m
[0mPOST /api/rentals [32m201[0m 9.788 ms - 201[0m
[0mPOST /api/rentals [32m201[0m 1.693 ms - 201[0m
[0mGET /api/rentals [31m500[0m 0.574 ms - 58[0m
[0mPOST /api/rentalitems [32m201[0m 2.502 ms - 154[0m
[0mPOST /api/rentalitems [32m201[0m 1.451 ms - 154[0m
[0mGET /api/rentals [31m500[0m 0.372 ms - 58[0m
[0mPOST /api/rentals [32m201[0m 12.088 ms - 201[0m
[0mPOST /api/rentals [32m201[0m 2.612 ms - 201[0m
[0mPOST /api/rentalitems [32m201[0m 2.188 ms - 154[0m
[0mPOST /api/rentalitems [32m201[0m 2.615 ms - 154[0m
[0mGET /api/rentals [31m500[0m 0.708 ms - 58[0m
[0mPOST /api/rentals [32m201[0m 14.167 ms - 201[0m
[0mPOST /api/rentals [32m201[0m 2.153 ms - 201[0m
[0mPOST /api/rentalitems [32m201[0m 2.496 ms - 154[0m
[0mPOST /api/rentalitems [32m201[0m 1.538 ms - 154[0m
[0mGET /api/rentals [31m500[0m 1.016 ms - 58[0m
[0mPOST /api/rentals [32m201[0m 12.080 ms - 201[0m
[0mPOST /api/rentalitems [32m201[0m 3.608 ms - 154[0m
[0mPOST /api/rentalitems [32m201[0m 1.449 ms - 154[0m
[0mGET /api/rentals [31m500[0m 0.603 ms - 58[0m
[0mGET /api/rentals [31m500[0m 0.378 ms - 58[0m
[0mGET /api/rentalitems [32m200[0m 2.905 ms - 287[0m
[0mGET /api/rentals [31m500[0m 0.576 ms - 58[0m
[0mPOST /api/rentals [32m201[0m 12.232 ms - 201[0m
[0mPOST /api/rentalitems [32m201[0m 2.409 ms - 154[0m
[0mPOST /api/rentalitems [32m201[0m 1.680 ms - 154[0m
[0mGET /api/rentals [31m500[0m 0.896 ms - 58[0m
[0mGET /api/rentals [31m500[0m 0.808 ms - 58[0m
[0mGET /api/rentals [31m500[0m 0.307 ms - 58[0m
[0mGET /api/rentals [31m500[0m 3.147 ms - 93[0m
[0mGET /api/rentals [32m200[0m 6.578 ms - 26[0m
[0mPOST /api/rentals [32m201[0m 10.048 ms - 201[0m
[0mPOST /api/rentalitems [32m201[0m 2.014 ms - 154[0m
[0mPOST /api/rentalitems [32m201[0m 1.954 ms - 154[0m
[0mGET /api/rentals [32m200[0m 3.768 ms - 481[0m
[0mGET /api/rentals [32m200[0m 6.502 ms - 26[0m
[0mGET /api/rentals [32m200[0m 2.029 ms - 26[0m
[0mPOST /api/rentals [32m201[0m 10.137 ms - 221[0m
[0mPOST /api/rentals [31m500[0m 12.290 ms - 57[0m
[0mPOST /api/rentals [31m500[0m 11.719 ms - 126[0m
[0mPOST /api/rentals [31m500[0m 11.962 ms - 126[0m
[0mPOST /api/rentals [32m201[0m 11.593 ms - 244[0m
[0mPOST /api/rentals [31m500[0m 12.274 ms - 123[0m
[0mPOST /api/rentals [31m500[0m 11.822 ms - 122[0m
[0mPOST /api/rentals [31m500[0m 11.971 ms - 122[0m
[0mPOST /api/rentals [32m201[0m 11.961 ms - 214[0m
[0mPOST /api/rentals [32m201[0m 2.226 ms - 214[0m
[0mPOST /api/rentals [32m201[0m 1.729 ms - 214[0m
[0mPOST /api/rentals [31m500[0m 12.003 ms - 122[0m
[0mPOST /api/rentalitems [32m201[0m 2.158 ms - 154[0m
[0mGET /api/rentals [32m200[0m 6.459 ms - 379[0m
[0mPOST /api/rentals [32m201[0m 17.664 ms - 228[0m
[0mPOST /api/rentalitems [32m201[0m 2.054 ms - 154[0m
[0mPOST /api/rentals [32m201[0m 1.838 ms - 228[0m
[0mGET /api/rentalitems [32m200[0m 6.384 ms - 156[0m
[0mGET /api/rentals [32m200[0m 4.666 ms - 601[0m
[0mPOST /api/rentals [32m201[0m 11.929 ms - 228[0m
[0mGET /api/rentals [32m200[0m 6.076 ms - 247[0m
[0mPOST /api/rentalitems [32m201[0m 2.726 ms - 154[0m
[0mGET /api/rentals [32m200[0m 2.006 ms - 379[0m
[0mPOST /api/rentalitems [32m201[0m 2.241 ms - 154[0m
[0mGET /api/rentals [32m200[0m 1.906 ms - 510[0m
[0mPOST /api/rentals [32m201[0m 12.504 ms - 228[0m
[0mPOST /api/rentals [32m201[0m 1.877 ms - 228[0m
[0mPOST /api/rentals [31m500[0m 8.570 ms - 153[0m
[0mPOST /api/rentals [31m500[0m 12.060 ms - 186[0m
[0mPOST /api/rentals [31m500[0m 8.845 ms - 219[0m
[0mPOST /api/rentals [31m500[0m 11.242 ms - 131[0m
[0mPOST /api/rentals [32m201[0m 3.797 ms - 228[0m
[0mPOST /api/rentals [32m201[0m 2.143 ms - 229[0m
[0mPOST /api/rentals [32m201[0m 1.686 ms - 229[0m
[0mPOST /api/rentals [31m500[0m 1.020 ms - 117[0m
[0mPOST /api/rentals [31m500[0m 11.332 ms - 85[0m
[0mPOST /api/rentals [31m500[0m 9.811 ms - 115[0m
[0mPOST /api/rentals [31m500[0m 14.694 ms - 117[0m
[0mPOST /api/rentals [32m201[0m 4.678 ms - 229[0m
[0mPOST /api/rentals [31m500[0m 1.974 ms - 99[0m
[0mPOST /api/rentals [32m201[0m 2.737 ms - 228[0m
[0mPOST /api/rentals [31m500[0m 2.072 ms - 99[0m
[0mPOST /api/rentals [31m500[0m 1.455 ms - 99[0m
[0mPOST /api/rentals [31m500[0m 1.763 ms - 131[0m
[0mPOST /api/rentals [31m500[0m 1.702 ms - 131[0m
[0mPOST /api/rentals [32m201[0m 5.537 ms - 228[0m
[0mGET /api/rentals/1 [32m200[0m 7.529 ms - 28[0m
[0mPOST /api/rentals [32m201[0m 13.242 ms - 228[0m
[0mPOST /api/rentalitems [32m201[0m 1.806 ms - 154[0m
[0mPOST /api/rentalitems [32m201[0m 1.629 ms - 154[0m
[0mGET /api/rentals [32m200[0m 3.141 ms - 510[0m
[0mGET /api/rentals/1 [32m200[0m 1.768 ms - 508[0m
[0mGET /api/rentals [32m200[0m 2.026 ms - 510[0m
[0mPOST /api/rentals [31m500[0m 1.660 ms - 99[0m
[0mPOST /api/rentals [31m500[0m 2.622 ms - 99[0m
[0mPOST /api/rentals [32m201[0m 2.637 ms - 228[0m
[0mGET /api/rentals [32m200[0m 1.929 ms - 732[0m
[0mGET /api/rentals/1 [32m200[0m 1.966 ms - 508[0m
[0mGET /api/rentals/2 [32m200[0m 1.626 ms - 245[0m
